<?xml version="1.0" encoding="UTF-8"?>
<!-- Generated by org.testng.reporters.JUnitReportReporter -->
<testsuite hostname="5CG1417QJY" failures="0" tests="1" name="tests.AmazonTest" time="0.819" errors="0" timestamp="2024-01-18T11:58:25 IST" skipped="0">
  <testcase classname="tests.AmazonTest" name="launch" time="0.819"/>
  <system-out/>
</testsuite> <!-- tests.AmazonTest -->
