<?xml version="1.0" encoding="UTF-8"?>
<!-- Generated by org.testng.reporters.JUnitReportReporter -->
<testsuite hostname="5CG1417QJY" failures="0" tests="1" name="tests.AmazonTest" time="1.647" errors="0" timestamp="2024-01-19T11:36:13 IST" skipped="0">
  <testcase classname="tests.AmazonTest" name="launch" time="1.647"/>
  <system-out/>
</testsuite> <!-- tests.AmazonTest -->
